<?xml version="1.0" encoding="UTF-8"?>
<!-- Generated by org.testng.reporters.JUnitXMLReporter -->
<testsuite ignored="0" hostname="DESKTOP-CCGKBQ7" failures="0" tests="4" name="Test" time="26.126" errors="0" timestamp="2024-02-23T14:17:36 IST">
  <testcase classname="testcases_001.Navigation_dashboard_Maps" name="test2" time="6.521"/>
  <testcase classname="testcases_001.Navigation_dashboard_Maps" name="test3" time="3.558"/>
  <testcase classname="testcases_001.Navigation_dashboard_Maps" name="test4" time="3.385"/>
  <testcase classname="testcases_001.Navigation_dashboard_Maps" name="test5" time="3.602"/>
</testsuite> <!-- Test -->
