<?xml version="1.0" encoding="UTF-8"?>
<testsuite xmlns:xsi="http://www.w3.org/2001/XMLSchema-instance" xsi:noNamespaceSchemaLocation="https://maven.apache.org/surefire/maven-surefire-plugin/xsd/surefire-test-report-3.0.xsd" version="3.0" name="TestSuite" time="36.002" tests="3" errors="0" skipped="0" failures="0">
  <properties>
[...]
</properties>
  <testcase name="AccessPointErrorMSG" classname="testcases_001.AccessPointTest" time="8.894">
    <system-out><![CDATA[test case Passed: Recived correct Error MSG
test case Passed: Recived Correct Error MSG
]]></system-out>
    <system-err><![CDATA[SLF4J(W): No SLF4J providers were found.
SLF4J(W): Defaulting to no-operation (NOP) logger implementation
SLF4J(W): See https://www.slf4j.org/codes.html#noProviders for further details.
Starting ChromeDriver 122.0.6261.128 (f18a44fedeb29764b2b5336c120fdd90ef1a3f5c-refs/branch-heads/6261@{#1057}) on port 23449
Only local connections are allowed.
Please see https://chromedriver.chromium.org/security-considerations for suggestions on keeping ChromeDriver safe.
ChromeDriver was started successfully.
Mar 21, 2024 5:48:47 PM org.openqa.selenium.remote.ProtocolHandshake createSession
INFO: Detected dialect: W3C
]]></system-err>
  </testcase>
  <testcase name="verifyWebUIIsClickable" classname="testcases_001.AccessPointTest" time="3.544">
    <system-out><![CDATA[An error occurred: element click intercepted: Element <img _ngcontent-jqu-c106="" alt="icon of the table" class="p-element xs:h-4 sm:h-4 md:h-5 lg:h-5 xl:h-5 xs:w-4 sm:w-4 md:w-5 lg:w-5 xl:w-5 max-w-none cursor-pointer ng-star-inserted" src="assets/images/icons/device/terminal-ui.svg"> is not clickable at point (1298, 423). Other element would receive the click: <td _ngcontent-jqu-c106="" alignfrozen="right" pfrozencolumn="" class="p-element p-frozen-column ng-star-inserted" style="right: 0px;">...</td>
  (Session info: chrome=122.0.6261.129)
Build info: version: '3.141.59', revision: 'e82be7d358', time: '2018-11-14T08:17:03'
System info: host: 'DESKTOP-CCGKBQ7', ip: '172.19.48.1', os.name: 'Windows 10', os.arch: 'amd64', os.version: '10.0', java.version: '17.0.10'
Driver info: org.openqa.selenium.chrome.ChromeDriver
Capabilities {acceptInsecureCerts: false, browserName: chrome, browserVersion: 122.0.6261.129, chrome: {chromedriverVersion: 122.0.6261.128 (f18a44fedeb..., userDataDir: C:\Users\admin\AppData\Loca...}, fedcm:accounts: true, goog:chromeOptions: {debuggerAddress: localhost:54455}, javascriptEnabled: true, networkConnectionEnabled: false, pageLoadStrategy: normal, platform: WINDOWS, platformName: WINDOWS, proxy: Proxy(), setWindowRect: true, strictFileInteractability: false, timeouts: {implicit: 0, pageLoad: 300000, script: 30000}, unhandledPromptBehavior: dismiss and notify, webauthn:extension:credBlob: true, webauthn:extension:largeBlob: true, webauthn:extension:minPinLength: true, webauthn:extension:prf: true, webauthn:virtualAuthenticators: true}
Session ID: 406171260f88df5ff92a5457a6e07263
]]></system-out>
  </testcase>
  <testcase name="test2" classname="testcases_001.test002Test" time="5.557">
    <system-out><![CDATA[1st Test Case Passed: get correct URL
2nd Test Case Passed: get correct Title
]]></system-out>
    <system-err><![CDATA[[1711023545.730][SEVERE]: Unable to receive message from renderer
Starting ChromeDriver 122.0.6261.128 (f18a44fedeb29764b2b5336c120fdd90ef1a3f5c-refs/branch-heads/6261@{#1057}) on port 35723
Only local connections are allowed.
Please see https://chromedriver.chromium.org/security-considerations for suggestions on keeping ChromeDriver safe.
ChromeDriver was started successfully.
Mar 21, 2024 5:49:07 PM org.openqa.selenium.remote.ProtocolHandshake createSession
INFO: Detected dialect: W3C
]]></system-err>
  </testcase>
</testsuite>