<?xml version="1.0" encoding="UTF-8"?>
<testng-results ignored="0" total="1" passed="1" failed="0" skipped="0">
  <reporter-output>
  </reporter-output>
  <suite started-at="2024-03-22T11:36:00 IST" name="Surefire suite" finished-at="2024-03-22T11:36:17 IST" duration-ms="17447">
    <groups>
    </groups>
    <test started-at="2024-03-22T11:36:00 IST" name="Surefire test" finished-at="2024-03-22T11:36:17 IST" duration-ms="17447">
      <class name="testcases_001.test002Test">
        <test-method is-config="true" signature="launchBrowser(java.lang.String)[pri:0, instance:testcases_001.test002Test@4b5a5ed1]" started-at="2024-03-22T11:36:00 IST" name="launchBrowser" finished-at="2024-03-22T11:36:10 IST" duration-ms="10772" status="PASS">
          <params>
            <param index="0">
              <value>
                <![CDATA[chrome]]>
              </value>
            </param>
          </params>
          <reporter-output>
          </reporter-output>
        </test-method> <!-- launchBrowser -->
        <test-method signature="test2()[pri:0, instance:testcases_001.test002Test@4b5a5ed1]" started-at="2024-03-22T11:36:10 IST" name="test2" finished-at="2024-03-22T11:36:17 IST" duration-ms="6175" status="PASS">
          <reporter-output>
          </reporter-output>
        </test-method> <!-- test2 -->
        <test-method is-config="true" signature="closeBrowser()[pri:0, instance:testcases_001.test002Test@4b5a5ed1]" started-at="2024-03-22T11:36:17 IST" name="closeBrowser" finished-at="2024-03-22T11:36:17 IST" duration-ms="450" status="PASS">
          <reporter-output>
          </reporter-output>
        </test-method> <!-- closeBrowser -->
      </class> <!-- testcases_001.test002Test -->
    </test> <!-- Surefire test -->
  </suite> <!-- Surefire suite -->
</testng-results>
